<!DOCTYPE html>
<html>
<head>
    <title>Unit Test Report</title>
    <meta name="generator" content="HTMLTestRunner 1.1.2"/>
    <meta http-equiv="Content-Type" content="text/html; charset=UTF-8"/>
    <link rel="stylesheet" href="stylesheet.css">
    <script src="script.js"></script>
    <style>
        
    </style>
    <script>
        
    </script>
</head>
<body>
<div class='heading'>
    <h1 style="margin-left:1ex;">Unit Test Report</h1>
    
    <p class='attribute'><strong>Start Time : </strong> 2024-11-10 13:18:10</p>
    
    <p class='attribute'><strong>Duration : </strong> 0:03:14.287665</p>
    
    <p class='attribute'><strong>Status : </strong> Failure 6</p>
    
    <p class='attribute'><strong>Description : </strong> Test report generation using HTMLTestRunner-rv</p>
    
    <p class='attribute'><strong>Tested By : </strong> Unknown</p>
    
</div>
<div>
    <p id='show_detail_line'><b>Show</b>
        <button><a href='javascript:showCase(0)' style="color:#660066;">Summary</a></button>
        <button><a href='javascript:showCase(1)' style="color:#660066;">Failed</a></button>
        <button><a href='javascript:showCase(2)' style="color:#660066;">Passed</a></button>
        <button><a href='javascript:showCase(3)' style="color:#660066;">All</a></button>
    </p>
    <table id='result_table'>
        <colgroup>
            <col align='left'/>
            <col align='right'/>
            <col align='right'/>
            <col align='right'/>
            <col align='right'/>
            <col align='right'/>
        </colgroup>
        <tr id='header_row'>
            <td>Test Group/Test case</td>
            <td>Count</td>
            <td>Pass</td>
            <td>Fail</td>
            <td>Error</td>
            <td>View</td>
        </tr>
        
        <tr class='failClass' style="font-weight:bold;color:white;">
            <td><a href="javascript:showClassDetail('c1','1')">test_profile_error.ProfileTest</a></td>
            <td>1</td>
            <td>0</td>
            <td>1</td>
            <td>0</td>
            <td>
                <button><a href="javascript:showClassDetail('c1','1')"
                           style="color:#660066;">Detail</a></button>
            </td>
        </tr>
            
            <tr id="ft1.1" class='none'>
                <td class='failCase'>
                    <div class='testcase'>
                        <a class="popup_link" onfocus='this.blur();'
                           href="javascript:showTestDetail('div_ft1.1')">test_update_profile_missing_capital_letters_and_special_characters</a>
                    </div>
                </td>
                <td colspan='5' align='center'>
                    <div>
                        <!--css div popup start-->
                        <button>
                            <a class="popup_link" onfocus='this.blur();'
                               href="javascript:showTestDetail('div_ft1.1')" style="color:#660066;">
                                FAIL
                            </a></button>
                        <div id='div_ft1.1' class="popup_window">
                            <div style='text-align: right; color:red;cursor:pointer'>
                                <a onfocus='this.blur();'
                                   onclick="document.getElementById('div_ft1.1').style.display = 'none'; "
                                   style="color:red;">
                                    [x]</a>
                            </div>
                            <pre>2024-11-10 13:18:40.918083 : Message '{message}' did not appear.
</pre>
                            <pre style="color: red;">Traceback (most recent call last):
  File "D:\Documents\2024-2025\tester\e-commerce-for-test-automation\tests\test_profile_error.py", line 47, in test_update_profile_missing_capital_letters_and_special_characters
    assert update_profile_page.is_message_appeared("Enter capital letters and special characters!", update_profile_page.error_message_missing_capital_letters_and_special_characters), "Error message did not appear"
AssertionError: Error message did not appear
</pre>
                        </div>
                        <!--css div popup end-->
                    </div>
                </td>
            </tr>
            
        
        <tr class='failClass' style="font-weight:bold;color:white;">
            <td><a href="javascript:showClassDetail('c2','1')">test_profile_error1.ProfileTest</a></td>
            <td>1</td>
            <td>0</td>
            <td>1</td>
            <td>0</td>
            <td>
                <button><a href="javascript:showClassDetail('c2','1')"
                           style="color:#660066;">Detail</a></button>
            </td>
        </tr>
            
            <tr id="ft2.1" class='none'>
                <td class='failCase'>
                    <div class='testcase'>
                        <a class="popup_link" onfocus='this.blur();'
                           href="javascript:showTestDetail('div_ft2.1')">test_update_profile_error_message_missing_special_characters</a>
                    </div>
                </td>
                <td colspan='5' align='center'>
                    <div>
                        <!--css div popup start-->
                        <button>
                            <a class="popup_link" onfocus='this.blur();'
                               href="javascript:showTestDetail('div_ft2.1')" style="color:#660066;">
                                FAIL
                            </a></button>
                        <div id='div_ft2.1' class="popup_window">
                            <div style='text-align: right; color:red;cursor:pointer'>
                                <a onfocus='this.blur();'
                                   onclick="document.getElementById('div_ft2.1').style.display = 'none'; "
                                   style="color:red;">
                                    [x]</a>
                            </div>
                            <pre>2024-11-10 13:19:13.378623 : Message '{message}' did not appear.
</pre>
                            <pre style="color: red;">Traceback (most recent call last):
  File "D:\Documents\2024-2025\tester\e-commerce-for-test-automation\tests\test_profile_error1.py", line 47, in test_update_profile_error_message_missing_special_characters
    assert update_profile_page.is_message_appeared("Enter additional special characters!", update_profile_page.error_message_missing_special_characters), "Error message did not appear"
AssertionError: Error message did not appear
</pre>
                        </div>
                        <!--css div popup end-->
                    </div>
                </td>
            </tr>
            
        
        <tr class='failClass' style="font-weight:bold;color:white;">
            <td><a href="javascript:showClassDetail('c3','1')">test_profile_error2.ProfileTest</a></td>
            <td>1</td>
            <td>0</td>
            <td>1</td>
            <td>0</td>
            <td>
                <button><a href="javascript:showClassDetail('c3','1')"
                           style="color:#660066;">Detail</a></button>
            </td>
        </tr>
            
            <tr id="ft3.1" class='none'>
                <td class='failCase'>
                    <div class='testcase'>
                        <a class="popup_link" onfocus='this.blur();'
                           href="javascript:showTestDetail('div_ft3.1')">test_update_profile_password_cannot_be_blank</a>
                    </div>
                </td>
                <td colspan='5' align='center'>
                    <div>
                        <!--css div popup start-->
                        <button>
                            <a class="popup_link" onfocus='this.blur();'
                               href="javascript:showTestDetail('div_ft3.1')" style="color:#660066;">
                                FAIL
                            </a></button>
                        <div id='div_ft3.1' class="popup_window">
                            <div style='text-align: right; color:red;cursor:pointer'>
                                <a onfocus='this.blur();'
                                   onclick="document.getElementById('div_ft3.1').style.display = 'none'; "
                                   style="color:red;">
                                    [x]</a>
                            </div>
                            <pre>2024-11-10 13:19:45.526139 : Message '{message}' did not appear.
</pre>
                            <pre style="color: red;">Traceback (most recent call last):
  File "D:\Documents\2024-2025\tester\e-commerce-for-test-automation\tests\test_profile_error2.py", line 47, in test_update_profile_password_cannot_be_blank
    assert update_profile_page.is_message_appeared("Password cannot be blank!", update_profile_page.error_message_password_cannot_be_blank), "Error message did not appear"
AssertionError: Error message did not appear
</pre>
                        </div>
                        <!--css div popup end-->
                    </div>
                </td>
            </tr>
            
        
        <tr class='failClass' style="font-weight:bold;color:white;">
            <td><a href="javascript:showClassDetail('c4','1')">test_profile_error3.ProfileTest</a></td>
            <td>1</td>
            <td>0</td>
            <td>1</td>
            <td>0</td>
            <td>
                <button><a href="javascript:showClassDetail('c4','1')"
                           style="color:#660066;">Detail</a></button>
            </td>
        </tr>
            
            <tr id="ft4.1" class='none'>
                <td class='failCase'>
                    <div class='testcase'>
                        <a class="popup_link" onfocus='this.blur();'
                           href="javascript:showTestDetail('div_ft4.1')">test_update_profile_error_message_enter_capital_letters</a>
                    </div>
                </td>
                <td colspan='5' align='center'>
                    <div>
                        <!--css div popup start-->
                        <button>
                            <a class="popup_link" onfocus='this.blur();'
                               href="javascript:showTestDetail('div_ft4.1')" style="color:#660066;">
                                FAIL
                            </a></button>
                        <div id='div_ft4.1' class="popup_window">
                            <div style='text-align: right; color:red;cursor:pointer'>
                                <a onfocus='this.blur();'
                                   onclick="document.getElementById('div_ft4.1').style.display = 'none'; "
                                   style="color:red;">
                                    [x]</a>
                            </div>
                            <pre>2024-11-10 13:20:17.962150 : Message '{message}' did not appear.
</pre>
                            <pre style="color: red;">Traceback (most recent call last):
  File "D:\Documents\2024-2025\tester\e-commerce-for-test-automation\tests\test_profile_error3.py", line 48, in test_update_profile_error_message_enter_capital_letters
    assert update_profile_page.is_message_appeared("Enter capital letters!", update_profile_page.error_message_enter_capital_letters), "Error message did not appear"
AssertionError: Error message did not appear
</pre>
                        </div>
                        <!--css div popup end-->
                    </div>
                </td>
            </tr>
            
        
        <tr class='failClass' style="font-weight:bold;color:white;">
            <td><a href="javascript:showClassDetail('c5','1')">test_profile_error4.ProfileTest</a></td>
            <td>1</td>
            <td>0</td>
            <td>1</td>
            <td>0</td>
            <td>
                <button><a href="javascript:showClassDetail('c5','1')"
                           style="color:#660066;">Detail</a></button>
            </td>
        </tr>
            
            <tr id="ft5.1" class='none'>
                <td class='failCase'>
                    <div class='testcase'>
                        <a class="popup_link" onfocus='this.blur();'
                           href="javascript:showTestDetail('div_ft5.1')">test_update_profile_password_length_error_message</a>
                    </div>
                </td>
                <td colspan='5' align='center'>
                    <div>
                        <!--css div popup start-->
                        <button>
                            <a class="popup_link" onfocus='this.blur();'
                               href="javascript:showTestDetail('div_ft5.1')" style="color:#660066;">
                                FAIL
                            </a></button>
                        <div id='div_ft5.1' class="popup_window">
                            <div style='text-align: right; color:red;cursor:pointer'>
                                <a onfocus='this.blur();'
                                   onclick="document.getElementById('div_ft5.1').style.display = 'none'; "
                                   style="color:red;">
                                    [x]</a>
                            </div>
                            <pre>2024-11-10 13:20:50.306889 : Message '{message}' did not appear.
</pre>
                            <pre style="color: red;">Traceback (most recent call last):
  File "D:\Documents\2024-2025\tester\e-commerce-for-test-automation\tests\test_profile_error4.py", line 48, in test_update_profile_password_length_error_message
    assert update_profile_page.is_message_appeared("Password must be more than 6 characters!", update_profile_page.password_length_error_message), "Error message did not appear"
AssertionError: Error message did not appear
</pre>
                        </div>
                        <!--css div popup end-->
                    </div>
                </td>
            </tr>
            
        
        <tr class='failClass' style="font-weight:bold;color:white;">
            <td><a href="javascript:showClassDetail('c6','1')">test_profile_successfully.ProfileTest</a></td>
            <td>1</td>
            <td>0</td>
            <td>1</td>
            <td>0</td>
            <td>
                <button><a href="javascript:showClassDetail('c6','1')"
                           style="color:#660066;">Detail</a></button>
            </td>
        </tr>
            
            <tr id="ft6.1" class='none'>
                <td class='failCase'>
                    <div class='testcase'>
                        <a class="popup_link" onfocus='this.blur();'
                           href="javascript:showTestDetail('div_ft6.1')">test_update_profile_successfully</a>
                    </div>
                </td>
                <td colspan='5' align='center'>
                    <div>
                        <!--css div popup start-->
                        <button>
                            <a class="popup_link" onfocus='this.blur();'
                               href="javascript:showTestDetail('div_ft6.1')" style="color:#660066;">
                                FAIL
                            </a></button>
                        <div id='div_ft6.1' class="popup_window">
                            <div style='text-align: right; color:red;cursor:pointer'>
                                <a onfocus='this.blur();'
                                   onclick="document.getElementById('div_ft6.1').style.display = 'none'; "
                                   style="color:red;">
                                    [x]</a>
                            </div>
                            <pre>2024-11-10 13:21:22.719104 : Message '{message}' did not appear.
</pre>
                            <pre style="color: red;">Traceback (most recent call last):
  File "D:\Documents\2024-2025\tester\e-commerce-for-test-automation\tests\test_profile_successfully.py", line 47, in test_update_profile_successfully
    assert update_profile_page.is_message_appeared("Update Profile successfully", update_profile_page.message_update_profile_successfully), "Success message did not appear"
AssertionError: Success message did not appear
</pre>
                        </div>
                        <!--css div popup end-->
                    </div>
                </td>
            </tr>
            
        

        <tr id='total_row'>
            <td>Total</td>
            <td>6</td>
            <td>0</td>
            <td>6</td>
            <td>0</td>
            <td>&nbsp;</td>
        </tr>
    </table>
</div>
<br><br>
<div id='ending'><b>Time Elapsed: </b>0:03:14.287665</div>
</body>
</html>